/*C13*/SET SCHEMA PUBLIC
DELETE FROM LOG_ENTRY_ENTITY WHERE EVENT_ID='1'
INSERT INTO LOG_ENTRY_ENTITY VALUES('1',FALSE,0,'abc','APPLICATION')
COMMIT
INSERT INTO LOG_EVENT_ENTITY VALUES(7,'1','abc','START',1491377495212,'APPLICATION')
ALTER SEQUENCE PUBLIC.HIBERNATE_SEQUENCE RESTART WITH 8
COMMIT
DELETE FROM LOG_ENTRY_ENTITY WHERE EVENT_ID='1'
INSERT INTO LOG_ENTRY_ENTITY VALUES('1',TRUE,5,'abc','APPLICATION')
COMMIT
INSERT INTO LOG_EVENT_ENTITY VALUES(8,'1','abc','END',1491377495217,'APPLICATION')
ALTER SEQUENCE PUBLIC.HIBERNATE_SEQUENCE RESTART WITH 9
COMMIT
INSERT INTO LOG_EVENT_ENTITY VALUES(9,'2',NULL,'START',1491377495212,NULL)
ALTER SEQUENCE PUBLIC.HIBERNATE_SEQUENCE RESTART WITH 10
COMMIT
INSERT INTO LOG_EVENT_ENTITY VALUES(10,'2',NULL,'END',1491377495212,NULL)
ALTER SEQUENCE PUBLIC.HIBERNATE_SEQUENCE RESTART WITH 11
COMMIT
INSERT INTO LOG_EVENT_ENTITY VALUES(11,'3',NULL,'START',1491377495212,NULL)
ALTER SEQUENCE PUBLIC.HIBERNATE_SEQUENCE RESTART WITH 12
COMMIT
INSERT INTO LOG_EVENT_ENTITY VALUES(12,'3',NULL,'END',1491377495212,NULL)
ALTER SEQUENCE PUBLIC.HIBERNATE_SEQUENCE RESTART WITH 13
COMMIT
DISCONNECT
/*C14*/SET SCHEMA PUBLIC
DISCONNECT
/*C15*/SET SCHEMA PUBLIC
DISCONNECT
/*C16*/SET SCHEMA PUBLIC
DISCONNECT
/*C17*/SET SCHEMA PUBLIC
DISCONNECT
/*C18*/SET SCHEMA PUBLIC
DISCONNECT
/*C19*/SET SCHEMA PUBLIC
DISCONNECT
/*C20*/SET SCHEMA PUBLIC
DISCONNECT
/*C21*/SET SCHEMA PUBLIC
DISCONNECT
/*C22*/SET SCHEMA PUBLIC
DISCONNECT
